/home/student/Documents/PROYECTO_FINAL/lab05/hlsPrj/myproject_prj/solution1/.autopilot/db/myproject.pp.0.cpp:28377:7: warning: Added loop label VITIS_LOOP_1211_1:   [xilinx-label-all-loops]
      for (i = 0; i < __N - 1; ++i) {
      ^~~
      VITIS_LOOP_1211_1: 
/home/student/Documents/PROYECTO_FINAL/lab05/hlsPrj/myproject_prj/solution1/.autopilot/db/myproject.pp.0.cpp:28377:7: note: FIX-IT applied suggested code changes
/home/student/Documents/PROYECTO_FINAL/lab05/hlsPrj/myproject_prj/solution1/.autopilot/db/myproject.pp.0.cpp:29351:5: warning: Added loop label VITIS_LOOP_676_1:   [xilinx-label-all-loops]
    for (unsigned i = low; i != high; ++i) {
    ^~~
    VITIS_LOOP_676_1: 
/home/student/Documents/PROYECTO_FINAL/lab05/hlsPrj/myproject_prj/solution1/.autopilot/db/myproject.pp.0.cpp:29351:5: note: FIX-IT applied suggested code changes
/home/student/Documents/PROYECTO_FINAL/lab05/hlsPrj/myproject_prj/solution1/.autopilot/db/myproject.pp.0.cpp:29365:5: warning: Added loop label VITIS_LOOP_690_1:   [xilinx-label-all-loops]
    for (unsigned i = low; i != high; ++i) {
    ^~~
    VITIS_LOOP_690_1: 
/home/student/Documents/PROYECTO_FINAL/lab05/hlsPrj/myproject_prj/solution1/.autopilot/db/myproject.pp.0.cpp:29365:5: note: FIX-IT applied suggested code changes
/home/student/Documents/PROYECTO_FINAL/lab05/hlsPrj/myproject_prj/solution1/.autopilot/db/myproject.pp.0.cpp:29379:5: warning: Added loop label VITIS_LOOP_704_1:   [xilinx-label-all-loops]
    for (unsigned i = low; i != high; ++i) {
    ^~~
    VITIS_LOOP_704_1: 
/home/student/Documents/PROYECTO_FINAL/lab05/hlsPrj/myproject_prj/solution1/.autopilot/db/myproject.pp.0.cpp:29379:5: note: FIX-IT applied suggested code changes
/home/student/Documents/PROYECTO_FINAL/lab05/hlsPrj/myproject_prj/solution1/.autopilot/db/myproject.pp.0.cpp:30978:7: warning: Added loop label VITIS_LOOP_1245_1:   [xilinx-label-all-loops]
      for (i = 0; i < __N - 1; ++i) {
      ^~~
      VITIS_LOOP_1245_1: 
/home/student/Documents/PROYECTO_FINAL/lab05/hlsPrj/myproject_prj/solution1/.autopilot/db/myproject.pp.0.cpp:30978:7: note: FIX-IT applied suggested code changes
/home/student/Documents/PROYECTO_FINAL/lab05/hlsPrj/myproject_prj/solution1/.autopilot/db/myproject.pp.0.cpp:32963:9: warning: Added loop label VITIS_LOOP_27_1:   [xilinx-label-all-loops]
        for (unsigned i = 0; i < N; i++) {
        ^~~
        VITIS_LOOP_27_1: 
/home/student/Documents/PROYECTO_FINAL/lab05/hlsPrj/myproject_prj/solution1/.autopilot/db/myproject.pp.0.cpp:32963:9: note: FIX-IT applied suggested code changes
/home/student/Documents/PROYECTO_FINAL/lab05/hlsPrj/myproject_prj/solution1/.autopilot/db/myproject.pp.0.cpp:32976:9: warning: Added loop label VITIS_LOOP_40_1:   [xilinx-label-all-loops]
        for (size_t i = 0; i < N; i++) {
        ^~~
        VITIS_LOOP_40_1: 
/home/student/Documents/PROYECTO_FINAL/lab05/hlsPrj/myproject_prj/solution1/.autopilot/db/myproject.pp.0.cpp:32976:9: note: FIX-IT applied suggested code changes
/home/student/Documents/PROYECTO_FINAL/lab05/hlsPrj/myproject_prj/solution1/.autopilot/db/myproject.pp.0.cpp:56156:5: warning: Added loop label VITIS_LOOP_265_1:   [xilinx-label-all-loops]
    for (typename std::vector<src_T>::const_iterator i = in_begin; i != in_end; ++i) {
    ^~~
    VITIS_LOOP_265_1: 
/home/student/Documents/PROYECTO_FINAL/lab05/hlsPrj/myproject_prj/solution1/.autopilot/db/myproject.pp.0.cpp:56156:5: note: FIX-IT applied suggested code changes
/home/student/Documents/PROYECTO_FINAL/lab05/hlsPrj/myproject_prj/solution1/.autopilot/db/myproject.pp.0.cpp:56166:5: warning: Added loop label VITIS_LOOP_275_1:   [xilinx-label-all-loops]
    for (auto i = 0; i < SIZE; i++)
    ^~~
    VITIS_LOOP_275_1: 
/home/student/Documents/PROYECTO_FINAL/lab05/hlsPrj/myproject_prj/solution1/.autopilot/db/myproject.pp.0.cpp:56166:5: note: FIX-IT applied suggested code changes
/home/student/Documents/PROYECTO_FINAL/lab05/hlsPrj/myproject_prj/solution1/.autopilot/db/myproject.pp.0.cpp:56177:5: warning: Added loop label VITIS_LOOP_286_1:   [xilinx-label-all-loops]
    for (int i = 0; i < SIZE; i++) {
    ^~~
    VITIS_LOOP_286_1: 
/home/student/Documents/PROYECTO_FINAL/lab05/hlsPrj/myproject_prj/solution1/.autopilot/db/myproject.pp.0.cpp:56177:5: note: FIX-IT applied suggested code changes
/home/student/Documents/PROYECTO_FINAL/lab05/hlsPrj/myproject_prj/solution1/.autopilot/db/myproject.pp.0.cpp:56184:5: warning: Added loop label VITIS_LOOP_293_1:   [xilinx-label-all-loops]
    for (int i = 0; i < SIZE / res_T::size; i++) {
    ^~~
    VITIS_LOOP_293_1: 
/home/student/Documents/PROYECTO_FINAL/lab05/hlsPrj/myproject_prj/solution1/.autopilot/db/myproject.pp.0.cpp:56184:5: note: FIX-IT applied suggested code changes
/home/student/Documents/PROYECTO_FINAL/lab05/hlsPrj/myproject_prj/solution1/.autopilot/db/myproject.pp.0.cpp:56186:9: warning: Added loop label VITIS_LOOP_295_2:   [xilinx-label-all-loops]
        for (int j = 0; j < res_T::size; j++) {
        ^~~
        VITIS_LOOP_295_2: 
/home/student/Documents/PROYECTO_FINAL/lab05/hlsPrj/myproject_prj/solution1/.autopilot/db/myproject.pp.0.cpp:56186:9: note: FIX-IT applied suggested code changes
/home/student/Documents/PROYECTO_FINAL/lab05/hlsPrj/myproject_prj/solution1/.autopilot/db/myproject.pp.0.cpp:56198:5: warning: Added loop label VITIS_LOOP_307_1:   [xilinx-label-all-loops]
    for (int i = 0; i < SIZE / data_T::size; i++) {
    ^~~
    VITIS_LOOP_307_1: 
/home/student/Documents/PROYECTO_FINAL/lab05/hlsPrj/myproject_prj/solution1/.autopilot/db/myproject.pp.0.cpp:56198:5: note: FIX-IT applied suggested code changes
/home/student/Documents/PROYECTO_FINAL/lab05/hlsPrj/myproject_prj/solution1/.autopilot/db/myproject.pp.0.cpp:56200:9: warning: Added loop label VITIS_LOOP_309_2:   [xilinx-label-all-loops]
        for (int j = 0; j < data_T::size; j++) {
        ^~~
        VITIS_LOOP_309_2: 
/home/student/Documents/PROYECTO_FINAL/lab05/hlsPrj/myproject_prj/solution1/.autopilot/db/myproject.pp.0.cpp:56200:9: note: FIX-IT applied suggested code changes
/home/student/Documents/PROYECTO_FINAL/lab05/hlsPrj/myproject_prj/solution1/.autopilot/db/myproject.pp.0.cpp:56215:5: warning: Added loop label VITIS_LOOP_324_1:   [xilinx-label-all-loops]
    for (int ii = 0; ii < nrows; ii++) {
    ^~~
    VITIS_LOOP_324_1: 
/home/student/Documents/PROYECTO_FINAL/lab05/hlsPrj/myproject_prj/solution1/.autopilot/db/myproject.pp.0.cpp:56215:5: note: FIX-IT applied suggested code changes
/home/student/Documents/PROYECTO_FINAL/lab05/hlsPrj/myproject_prj/solution1/.autopilot/db/myproject.pp.0.cpp:56235:5: warning: Added loop label VITIS_LOOP_344_1:   [xilinx-label-all-loops]
    for (int ii = 0; ii < nrows; ii++) {
    ^~~
    VITIS_LOOP_344_1: 
/home/student/Documents/PROYECTO_FINAL/lab05/hlsPrj/myproject_prj/solution1/.autopilot/db/myproject.pp.0.cpp:56235:5: note: FIX-IT applied suggested code changes
/home/student/Documents/PROYECTO_FINAL/lab05/hlsPrj/myproject_prj/solution1/.autopilot/db/myproject.pp.0.cpp:56236:9: warning: Added loop label VITIS_LOOP_345_2:   [xilinx-label-all-loops]
        for (int jj = 0; jj < ncols; jj++) {
        ^~~
        VITIS_LOOP_345_2: 
/home/student/Documents/PROYECTO_FINAL/lab05/hlsPrj/myproject_prj/solution1/.autopilot/db/myproject.pp.0.cpp:56236:9: note: FIX-IT applied suggested code changes
/home/student/Documents/PROYECTO_FINAL/lab05/hlsPrj/myproject_prj/solution1/.autopilot/db/myproject.pp.0.cpp:56251:5: warning: Added loop label VITIS_LOOP_360_1:   [xilinx-label-all-loops]
    for (int ii = 0; ii < N_IN; ii++) {
    ^~~
    VITIS_LOOP_360_1: 
/home/student/Documents/PROYECTO_FINAL/lab05/hlsPrj/myproject_prj/solution1/.autopilot/db/myproject.pp.0.cpp:56251:5: note: FIX-IT applied suggested code changes
/home/student/Documents/PROYECTO_FINAL/lab05/hlsPrj/myproject_prj/solution1/.autopilot/db/myproject.pp.0.cpp:56258:5: warning: Added loop label VITIS_LOOP_367_1:   [xilinx-label-all-loops]
    for (int ii = 0; ii < N_IN; ii++) {
    ^~~
    VITIS_LOOP_367_1: 
/home/student/Documents/PROYECTO_FINAL/lab05/hlsPrj/myproject_prj/solution1/.autopilot/db/myproject.pp.0.cpp:56258:5: note: FIX-IT applied suggested code changes
/home/student/Documents/PROYECTO_FINAL/lab05/hlsPrj/myproject_prj/solution1/.autopilot/db/myproject.pp.0.cpp:56381:2: warning: Added loop label VITIS_LOOP_31_1:   [xilinx-label-all-loops]
 for (int ii = 0; ii < CONFIG_T::n_in; ii++) {
 ^~~
 VITIS_LOOP_31_1: 
/home/student/Documents/PROYECTO_FINAL/lab05/hlsPrj/myproject_prj/solution1/.autopilot/db/myproject.pp.0.cpp:56381:2: note: FIX-IT applied suggested code changes
/home/student/Documents/PROYECTO_FINAL/lab05/hlsPrj/myproject_prj/solution1/.autopilot/db/myproject.pp.0.cpp:56393:5: warning: Added loop label VITIS_LOOP_43_1:   [xilinx-label-all-loops]
    for (int ii = 0; ii < CONFIG_T::n_in; ii++) {
    ^~~
    VITIS_LOOP_43_1: 
/home/student/Documents/PROYECTO_FINAL/lab05/hlsPrj/myproject_prj/solution1/.autopilot/db/myproject.pp.0.cpp:56393:5: note: FIX-IT applied suggested code changes
/home/student/Documents/PROYECTO_FINAL/lab05/hlsPrj/myproject_prj/solution1/.autopilot/db/myproject.pp.0.cpp:56407:5: warning: Added loop label VITIS_LOOP_57_1:   [xilinx-label-all-loops]
    for (int ii = 0; ii < CONFIG_T::n_in; ii++) {
    ^~~
    VITIS_LOOP_57_1: 
/home/student/Documents/PROYECTO_FINAL/lab05/hlsPrj/myproject_prj/solution1/.autopilot/db/myproject.pp.0.cpp:56407:5: note: FIX-IT applied suggested code changes
/home/student/Documents/PROYECTO_FINAL/lab05/hlsPrj/myproject_prj/solution1/.autopilot/db/myproject.pp.0.cpp:56434:5: warning: Added loop label VITIS_LOOP_84_1:   [xilinx-label-all-loops]
    for (int ii = 0; ii < N_TABLE; ii++) {
    ^~~
    VITIS_LOOP_84_1: 
/home/student/Documents/PROYECTO_FINAL/lab05/hlsPrj/myproject_prj/solution1/.autopilot/db/myproject.pp.0.cpp:56434:5: note: FIX-IT applied suggested code changes
/home/student/Documents/PROYECTO_FINAL/lab05/hlsPrj/myproject_prj/solution1/.autopilot/db/myproject.pp.0.cpp:56464:5: warning: Added loop label VITIS_LOOP_114_1:   [xilinx-label-all-loops]
    for (int ii = 0; ii < CONFIG_T::n_in; ii++) {
    ^~~
    VITIS_LOOP_114_1: 
/home/student/Documents/PROYECTO_FINAL/lab05/hlsPrj/myproject_prj/solution1/.autopilot/db/myproject.pp.0.cpp:56464:5: note: FIX-IT applied suggested code changes
/home/student/Documents/PROYECTO_FINAL/lab05/hlsPrj/myproject_prj/solution1/.autopilot/db/myproject.pp.0.cpp:56501:5: warning: Added loop label VITIS_LOOP_151_1:   [xilinx-label-all-loops]
    for (unsigned i = 0; i < CONFIG_T::table_size; i++) {
    ^~~
    VITIS_LOOP_151_1: 
/home/student/Documents/PROYECTO_FINAL/lab05/hlsPrj/myproject_prj/solution1/.autopilot/db/myproject.pp.0.cpp:56501:5: note: FIX-IT applied suggested code changes
/home/student/Documents/PROYECTO_FINAL/lab05/hlsPrj/myproject_prj/solution1/.autopilot/db/myproject.pp.0.cpp:56512:5: warning: Added loop label VITIS_LOOP_162_1:   [xilinx-label-all-loops]
    for (unsigned i = 0; i < CONFIG_T::table_size; i++) {
    ^~~
    VITIS_LOOP_162_1: 
/home/student/Documents/PROYECTO_FINAL/lab05/hlsPrj/myproject_prj/solution1/.autopilot/db/myproject.pp.0.cpp:56512:5: note: FIX-IT applied suggested code changes
/home/student/Documents/PROYECTO_FINAL/lab05/hlsPrj/myproject_prj/solution1/.autopilot/db/myproject.pp.0.cpp:56545:5: warning: Added loop label VITIS_LOOP_195_1:   [xilinx-label-all-loops]
    for (unsigned i = 0; i < CONFIG_T::n_in; i++) {
    ^~~
    VITIS_LOOP_195_1: 
/home/student/Documents/PROYECTO_FINAL/lab05/hlsPrj/myproject_prj/solution1/.autopilot/db/myproject.pp.0.cpp:56545:5: note: FIX-IT applied suggested code changes
/home/student/Documents/PROYECTO_FINAL/lab05/hlsPrj/myproject_prj/solution1/.autopilot/db/myproject.pp.0.cpp:56559:5: warning: Added loop label VITIS_LOOP_209_2:   [xilinx-label-all-loops]
    for (unsigned i = 0; i < CONFIG_T::n_in; i++) {
    ^~~
    VITIS_LOOP_209_2: 
/home/student/Documents/PROYECTO_FINAL/lab05/hlsPrj/myproject_prj/solution1/.autopilot/db/myproject.pp.0.cpp:56559:5: note: FIX-IT applied suggested code changes
/home/student/Documents/PROYECTO_FINAL/lab05/hlsPrj/myproject_prj/solution1/.autopilot/db/myproject.pp.0.cpp:56593:5: warning: Added loop label VITIS_LOOP_243_1:   [xilinx-label-all-loops]
    for (unsigned i = 0; i < CONFIG_T::n_in; i++) {
    ^~~
    VITIS_LOOP_243_1: 
/home/student/Documents/PROYECTO_FINAL/lab05/hlsPrj/myproject_prj/solution1/.autopilot/db/myproject.pp.0.cpp:56593:5: note: FIX-IT applied suggested code changes
/home/student/Documents/PROYECTO_FINAL/lab05/hlsPrj/myproject_prj/solution1/.autopilot/db/myproject.pp.0.cpp:56602:5: warning: Added loop label VITIS_LOOP_252_2:   [xilinx-label-all-loops]
    for (unsigned i = 0; i < CONFIG_T::n_in; i++) {
    ^~~
    VITIS_LOOP_252_2: 
/home/student/Documents/PROYECTO_FINAL/lab05/hlsPrj/myproject_prj/solution1/.autopilot/db/myproject.pp.0.cpp:56602:5: note: FIX-IT applied suggested code changes
/home/student/Documents/PROYECTO_FINAL/lab05/hlsPrj/myproject_prj/solution1/.autopilot/db/myproject.pp.0.cpp:56616:5: warning: Added loop label VITIS_LOOP_266_3:   [xilinx-label-all-loops]
    for (unsigned i = 0; i < CONFIG_T::n_in; i++) {
    ^~~
    VITIS_LOOP_266_3: 
/home/student/Documents/PROYECTO_FINAL/lab05/hlsPrj/myproject_prj/solution1/.autopilot/db/myproject.pp.0.cpp:56616:5: note: FIX-IT applied suggested code changes
/home/student/Documents/PROYECTO_FINAL/lab05/hlsPrj/myproject_prj/solution1/.autopilot/db/myproject.pp.0.cpp:56623:5: warning: Added loop label VITIS_LOOP_273_1:   [xilinx-label-all-loops]
    for (int ii = 0; ii < N_TABLE; ii++) {
    ^~~
    VITIS_LOOP_273_1: 
/home/student/Documents/PROYECTO_FINAL/lab05/hlsPrj/myproject_prj/solution1/.autopilot/db/myproject.pp.0.cpp:56623:5: note: FIX-IT applied suggested code changes
/home/student/Documents/PROYECTO_FINAL/lab05/hlsPrj/myproject_prj/solution1/.autopilot/db/myproject.pp.0.cpp:56636:5: warning: Added loop label VITIS_LOOP_286_1:   [xilinx-label-all-loops]
    for (int ii = 0; ii < N_TABLE; ii++) {
    ^~~
    VITIS_LOOP_286_1: 
/home/student/Documents/PROYECTO_FINAL/lab05/hlsPrj/myproject_prj/solution1/.autopilot/db/myproject.pp.0.cpp:56636:5: note: FIX-IT applied suggested code changes
/home/student/Documents/PROYECTO_FINAL/lab05/hlsPrj/myproject_prj/solution1/.autopilot/db/myproject.pp.0.cpp:56673:5: warning: Added loop label VITIS_LOOP_323_1:   [xilinx-label-all-loops]
    for (int ii = 0; ii < CONFIG_T::n_in; ii++) {
    ^~~
    VITIS_LOOP_323_1: 
/home/student/Documents/PROYECTO_FINAL/lab05/hlsPrj/myproject_prj/solution1/.autopilot/db/myproject.pp.0.cpp:56673:5: note: FIX-IT applied suggested code changes
/home/student/Documents/PROYECTO_FINAL/lab05/hlsPrj/myproject_prj/solution1/.autopilot/db/myproject.pp.0.cpp:56678:5: warning: Added loop label VITIS_LOOP_328_2:   [xilinx-label-all-loops]
    for (int ii = 0; ii < CONFIG_T::n_in; ii++) {
    ^~~
    VITIS_LOOP_328_2: 
/home/student/Documents/PROYECTO_FINAL/lab05/hlsPrj/myproject_prj/solution1/.autopilot/db/myproject.pp.0.cpp:56678:5: note: FIX-IT applied suggested code changes
/home/student/Documents/PROYECTO_FINAL/lab05/hlsPrj/myproject_prj/solution1/.autopilot/db/myproject.pp.0.cpp:56679:9: warning: Added loop label VITIS_LOOP_329_3:   [xilinx-label-all-loops]
        for (int jj = 0; jj < CONFIG_T::n_in; jj++) {
        ^~~
        VITIS_LOOP_329_3: 
/home/student/Documents/PROYECTO_FINAL/lab05/hlsPrj/myproject_prj/solution1/.autopilot/db/myproject.pp.0.cpp:56679:9: note: FIX-IT applied suggested code changes
/home/student/Documents/PROYECTO_FINAL/lab05/hlsPrj/myproject_prj/solution1/.autopilot/db/myproject.pp.0.cpp:56696:5: warning: Added loop label VITIS_LOOP_346_4:   [xilinx-label-all-loops]
    for (int ii = 0; ii < CONFIG_T::n_in; ii++) {
    ^~~
    VITIS_LOOP_346_4: 
/home/student/Documents/PROYECTO_FINAL/lab05/hlsPrj/myproject_prj/solution1/.autopilot/db/myproject.pp.0.cpp:56696:5: note: FIX-IT applied suggested code changes
/home/student/Documents/PROYECTO_FINAL/lab05/hlsPrj/myproject_prj/solution1/.autopilot/db/myproject.pp.0.cpp:56709:5: warning: Added loop label VITIS_LOOP_359_1:   [xilinx-label-all-loops]
    for (int i = 0; i < CONFIG_T::n_in; i++) {
    ^~~
    VITIS_LOOP_359_1: 
/home/student/Documents/PROYECTO_FINAL/lab05/hlsPrj/myproject_prj/solution1/.autopilot/db/myproject.pp.0.cpp:56709:5: note: FIX-IT applied suggested code changes
/home/student/Documents/PROYECTO_FINAL/lab05/hlsPrj/myproject_prj/solution1/.autopilot/db/myproject.pp.0.cpp:56717:5: warning: Added loop label VITIS_LOOP_367_2:   [xilinx-label-all-loops]
    for (int i = 1; i < CONFIG_T::n_in; i++) {
    ^~~
    VITIS_LOOP_367_2: 
/home/student/Documents/PROYECTO_FINAL/lab05/hlsPrj/myproject_prj/solution1/.autopilot/db/myproject.pp.0.cpp:56717:5: note: FIX-IT applied suggested code changes
/home/student/Documents/PROYECTO_FINAL/lab05/hlsPrj/myproject_prj/solution1/.autopilot/db/myproject.pp.0.cpp:56752:5: warning: Added loop label VITIS_LOOP_402_1:   [xilinx-label-all-loops]
    for (int ii = 0; ii < N_TABLE; ii++) {
    ^~~
    VITIS_LOOP_402_1: 
/home/student/Documents/PROYECTO_FINAL/lab05/hlsPrj/myproject_prj/solution1/.autopilot/db/myproject.pp.0.cpp:56752:5: note: FIX-IT applied suggested code changes
/home/student/Documents/PROYECTO_FINAL/lab05/hlsPrj/myproject_prj/solution1/.autopilot/db/myproject.pp.0.cpp:56782:5: warning: Added loop label VITIS_LOOP_432_1:   [xilinx-label-all-loops]
    for (int ii = 0; ii < CONFIG_T::n_in; ii++) {
    ^~~
    VITIS_LOOP_432_1: 
/home/student/Documents/PROYECTO_FINAL/lab05/hlsPrj/myproject_prj/solution1/.autopilot/db/myproject.pp.0.cpp:56782:5: note: FIX-IT applied suggested code changes
/home/student/Documents/PROYECTO_FINAL/lab05/hlsPrj/myproject_prj/solution1/.autopilot/db/myproject.pp.0.cpp:56801:2: warning: Added loop label VITIS_LOOP_451_1:   [xilinx-label-all-loops]
 for (int ii = 0; ii < CONFIG_T::n_in; ii++) {
 ^~~
 VITIS_LOOP_451_1: 
/home/student/Documents/PROYECTO_FINAL/lab05/hlsPrj/myproject_prj/solution1/.autopilot/db/myproject.pp.0.cpp:56801:2: note: FIX-IT applied suggested code changes
/home/student/Documents/PROYECTO_FINAL/lab05/hlsPrj/myproject_prj/solution1/.autopilot/db/myproject.pp.0.cpp:56817:5: warning: Added loop label VITIS_LOOP_467_1:   [xilinx-label-all-loops]
    for (int ii = 0; ii < CONFIG_T::n_in; ii++) {
    ^~~
    VITIS_LOOP_467_1: 
/home/student/Documents/PROYECTO_FINAL/lab05/hlsPrj/myproject_prj/solution1/.autopilot/db/myproject.pp.0.cpp:56817:5: note: FIX-IT applied suggested code changes
/home/student/Documents/PROYECTO_FINAL/lab05/hlsPrj/myproject_prj/solution1/.autopilot/db/myproject.pp.0.cpp:56835:5: warning: Added loop label VITIS_LOOP_485_1:   [xilinx-label-all-loops]
    for (int ii = 0; ii < CONFIG_T::n_in; ii++) {
    ^~~
    VITIS_LOOP_485_1: 
/home/student/Documents/PROYECTO_FINAL/lab05/hlsPrj/myproject_prj/solution1/.autopilot/db/myproject.pp.0.cpp:56835:5: note: FIX-IT applied suggested code changes
/home/student/Documents/PROYECTO_FINAL/lab05/hlsPrj/myproject_prj/solution1/.autopilot/db/myproject.pp.0.cpp:56852:5: warning: Added loop label VITIS_LOOP_502_1:   [xilinx-label-all-loops]
    for (int ii = 0; ii < CONFIG_T::n_in; ii++) {
    ^~~
    VITIS_LOOP_502_1: 
/home/student/Documents/PROYECTO_FINAL/lab05/hlsPrj/myproject_prj/solution1/.autopilot/db/myproject.pp.0.cpp:56852:5: note: FIX-IT applied suggested code changes
/home/student/Documents/PROYECTO_FINAL/lab05/hlsPrj/myproject_prj/solution1/.autopilot/db/myproject.pp.0.cpp:56869:5: warning: Added loop label VITIS_LOOP_519_1:   [xilinx-label-all-loops]
    for (int ii = 0; ii < N_TABLE; ii++) {
    ^~~
    VITIS_LOOP_519_1: 
/home/student/Documents/PROYECTO_FINAL/lab05/hlsPrj/myproject_prj/solution1/.autopilot/db/myproject.pp.0.cpp:56869:5: note: FIX-IT applied suggested code changes
/home/student/Documents/PROYECTO_FINAL/lab05/hlsPrj/myproject_prj/solution1/.autopilot/db/myproject.pp.0.cpp:56899:5: warning: Added loop label VITIS_LOOP_549_1:   [xilinx-label-all-loops]
    for (int ii = 0; ii < CONFIG_T::n_in; ii++) {
    ^~~
    VITIS_LOOP_549_1: 
/home/student/Documents/PROYECTO_FINAL/lab05/hlsPrj/myproject_prj/solution1/.autopilot/db/myproject.pp.0.cpp:56899:5: note: FIX-IT applied suggested code changes
/home/student/Documents/PROYECTO_FINAL/lab05/hlsPrj/myproject_prj/solution1/.autopilot/db/myproject.pp.0.cpp:56918:5: warning: Added loop label VITIS_LOOP_568_1:   [xilinx-label-all-loops]
    for (int ii = 0; ii < N_TABLE; ii++) {
    ^~~
    VITIS_LOOP_568_1: 
/home/student/Documents/PROYECTO_FINAL/lab05/hlsPrj/myproject_prj/solution1/.autopilot/db/myproject.pp.0.cpp:56918:5: note: FIX-IT applied suggested code changes
/home/student/Documents/PROYECTO_FINAL/lab05/hlsPrj/myproject_prj/solution1/.autopilot/db/myproject.pp.0.cpp:56948:5: warning: Added loop label VITIS_LOOP_598_1:   [xilinx-label-all-loops]
    for (int ii = 0; ii < CONFIG_T::n_in; ii++) {
    ^~~
    VITIS_LOOP_598_1: 
/home/student/Documents/PROYECTO_FINAL/lab05/hlsPrj/myproject_prj/solution1/.autopilot/db/myproject.pp.0.cpp:56948:5: note: FIX-IT applied suggested code changes
/home/student/Documents/PROYECTO_FINAL/lab05/hlsPrj/myproject_prj/solution1/.autopilot/db/myproject.pp.0.cpp:56967:5: warning: Added loop label VITIS_LOOP_617_1:   [xilinx-label-all-loops]
    for (int ii = 0; ii < N_TABLE; ii++) {
    ^~~
    VITIS_LOOP_617_1: 
/home/student/Documents/PROYECTO_FINAL/lab05/hlsPrj/myproject_prj/solution1/.autopilot/db/myproject.pp.0.cpp:56967:5: note: FIX-IT applied suggested code changes
/home/student/Documents/PROYECTO_FINAL/lab05/hlsPrj/myproject_prj/solution1/.autopilot/db/myproject.pp.0.cpp:56997:5: warning: Added loop label VITIS_LOOP_647_1:   [xilinx-label-all-loops]
    for (int ii = 0; ii < CONFIG_T::n_in; ii++) {
    ^~~
    VITIS_LOOP_647_1: 
/home/student/Documents/PROYECTO_FINAL/lab05/hlsPrj/myproject_prj/solution1/.autopilot/db/myproject.pp.0.cpp:56997:5: note: FIX-IT applied suggested code changes
/home/student/Documents/PROYECTO_FINAL/lab05/hlsPrj/myproject_prj/solution1/.autopilot/db/myproject.pp.0.cpp:57024:5: warning: Added loop label VITIS_LOOP_674_1:   [xilinx-label-all-loops]
    for (int ii = 0; ii < N_TABLE; ii++) {
    ^~~
    VITIS_LOOP_674_1: 
/home/student/Documents/PROYECTO_FINAL/lab05/hlsPrj/myproject_prj/solution1/.autopilot/db/myproject.pp.0.cpp:57024:5: note: FIX-IT applied suggested code changes
/home/student/Documents/PROYECTO_FINAL/lab05/hlsPrj/myproject_prj/solution1/.autopilot/db/myproject.pp.0.cpp:57053:5: warning: Added loop label VITIS_LOOP_703_1:   [xilinx-label-all-loops]
    for (int ii = 0; ii < CONFIG_T::n_in; ii++) {
    ^~~
    VITIS_LOOP_703_1: 
/home/student/Documents/PROYECTO_FINAL/lab05/hlsPrj/myproject_prj/solution1/.autopilot/db/myproject.pp.0.cpp:57053:5: note: FIX-IT applied suggested code changes
/home/student/Documents/PROYECTO_FINAL/lab05/hlsPrj/myproject_prj/solution1/.autopilot/db/myproject.pp.0.cpp:57074:5: warning: Added loop label VITIS_LOOP_724_1:   [xilinx-label-all-loops]
    for (int ii = 0; ii < CONFIG_T::n_in; ii++) {
    ^~~
    VITIS_LOOP_724_1: 
/home/student/Documents/PROYECTO_FINAL/lab05/hlsPrj/myproject_prj/solution1/.autopilot/db/myproject.pp.0.cpp:57074:5: note: FIX-IT applied suggested code changes
/home/student/Documents/PROYECTO_FINAL/lab05/hlsPrj/myproject_prj/solution1/.autopilot/db/myproject.pp.0.cpp:57092:5: warning: Added loop label VITIS_LOOP_742_1:   [xilinx-label-all-loops]
    for (int ii = 0; ii < CONFIG_T::n_in; ii++) {
    ^~~
    VITIS_LOOP_742_1: 
/home/student/Documents/PROYECTO_FINAL/lab05/hlsPrj/myproject_prj/solution1/.autopilot/db/myproject.pp.0.cpp:57092:5: note: FIX-IT applied suggested code changes
/home/student/Documents/PROYECTO_FINAL/lab05/hlsPrj/myproject_prj/solution1/.autopilot/db/myproject.pp.0.cpp:57112:5: warning: Added loop label VITIS_LOOP_762_1:   [xilinx-label-all-loops]
    for (int ii = 0; ii < CONFIG_T::n_in; ii++) {
    ^~~
    VITIS_LOOP_762_1: 
/home/student/Documents/PROYECTO_FINAL/lab05/hlsPrj/myproject_prj/solution1/.autopilot/db/myproject.pp.0.cpp:57112:5: note: FIX-IT applied suggested code changes
/home/student/Documents/PROYECTO_FINAL/lab05/hlsPrj/myproject_prj/solution1/.autopilot/db/myproject.pp.0.cpp:57208:9: warning: Added loop label VITIS_LOOP_73_1:   [xilinx-label-all-loops]
        for (int i = 0; i < N / data_T::size; i++) {
        ^~~
        VITIS_LOOP_73_1: 
/home/student/Documents/PROYECTO_FINAL/lab05/hlsPrj/myproject_prj/solution1/.autopilot/db/myproject.pp.0.cpp:57208:9: note: FIX-IT applied suggested code changes
/home/student/Documents/PROYECTO_FINAL/lab05/hlsPrj/myproject_prj/solution1/.autopilot/db/myproject.pp.0.cpp:57215:13: warning: Added loop label VITIS_LOOP_80_2:   [xilinx-label-all-loops]
            for (int j = 0; j < data_T::size; j++) {
            ^~~
            VITIS_LOOP_80_2: 
/home/student/Documents/PROYECTO_FINAL/lab05/hlsPrj/myproject_prj/solution1/.autopilot/db/myproject.pp.0.cpp:57215:13: note: FIX-IT applied suggested code changes
/home/student/Documents/PROYECTO_FINAL/lab05/hlsPrj/myproject_prj/solution1/.autopilot/db/myproject.pp.0.cpp:57224:9: warning: Added loop label VITIS_LOOP_89_3:   [xilinx-label-all-loops]
        for (int i = 0; i < N / data_T::size; i++) {
        ^~~
        VITIS_LOOP_89_3: 
/home/student/Documents/PROYECTO_FINAL/lab05/hlsPrj/myproject_prj/solution1/.autopilot/db/myproject.pp.0.cpp:57224:9: note: FIX-IT applied suggested code changes
/home/student/Documents/PROYECTO_FINAL/lab05/hlsPrj/myproject_prj/solution1/.autopilot/db/myproject.pp.0.cpp:57233:13: warning: Added loop label VITIS_LOOP_98_4:   [xilinx-label-all-loops]
            for (int j = 0; j < pack_diff; j++) {
            ^~~
            VITIS_LOOP_98_4: 
/home/student/Documents/PROYECTO_FINAL/lab05/hlsPrj/myproject_prj/solution1/.autopilot/db/myproject.pp.0.cpp:57233:13: note: FIX-IT applied suggested code changes
/home/student/Documents/PROYECTO_FINAL/lab05/hlsPrj/myproject_prj/solution1/.autopilot/db/myproject.pp.0.cpp:57237:17: warning: Added loop label VITIS_LOOP_102_5:   [xilinx-label-all-loops]
                for (int k = 0; k < res_T::size; k++) {
                ^~~
                VITIS_LOOP_102_5: 
/home/student/Documents/PROYECTO_FINAL/lab05/hlsPrj/myproject_prj/solution1/.autopilot/db/myproject.pp.0.cpp:57237:17: note: FIX-IT applied suggested code changes
/home/student/Documents/PROYECTO_FINAL/lab05/hlsPrj/myproject_prj/solution1/.autopilot/db/myproject.pp.0.cpp:57248:9: warning: Added loop label VITIS_LOOP_113_6:   [xilinx-label-all-loops]
        for (int i = 0; i < N / data_T::size; i++) {
        ^~~
        VITIS_LOOP_113_6: 
/home/student/Documents/PROYECTO_FINAL/lab05/hlsPrj/myproject_prj/solution1/.autopilot/db/myproject.pp.0.cpp:57248:9: note: FIX-IT applied suggested code changes
/home/student/Documents/PROYECTO_FINAL/lab05/hlsPrj/myproject_prj/solution1/.autopilot/db/myproject.pp.0.cpp:57252:13: warning: Added loop label VITIS_LOOP_117_7:   [xilinx-label-all-loops]
            for (int j = 0; j < data_T::size; j++) {
            ^~~
            VITIS_LOOP_117_7: 
/home/student/Documents/PROYECTO_FINAL/lab05/hlsPrj/myproject_prj/solution1/.autopilot/db/myproject.pp.0.cpp:57252:13: note: FIX-IT applied suggested code changes
/home/student/Documents/PROYECTO_FINAL/lab05/hlsPrj/myproject_prj/solution1/.autopilot/db/myproject.pp.0.cpp:57276:9: warning: Added loop label VITIS_LOOP_141_1:   [xilinx-label-all-loops]
        for (int j = 0; j < n_dupl; j++) {
        ^~~
        VITIS_LOOP_141_1: 
/home/student/Documents/PROYECTO_FINAL/lab05/hlsPrj/myproject_prj/solution1/.autopilot/db/myproject.pp.0.cpp:57276:9: note: FIX-IT applied suggested code changes
/home/student/Documents/PROYECTO_FINAL/lab05/hlsPrj/myproject_prj/solution1/.autopilot/db/myproject.pp.0.cpp:57280:13: warning: Added loop label VITIS_LOOP_145_2:   [xilinx-label-all-loops]
            for (int k = 0; k < res_T::size; k++) {
            ^~~
            VITIS_LOOP_145_2: 
/home/student/Documents/PROYECTO_FINAL/lab05/hlsPrj/myproject_prj/solution1/.autopilot/db/myproject.pp.0.cpp:57280:13: note: FIX-IT applied suggested code changes
/home/student/Documents/PROYECTO_FINAL/lab05/hlsPrj/myproject_prj/solution1/.autopilot/db/myproject.pp.0.cpp:57299:9: warning: Added loop label VITIS_LOOP_164_1:   [xilinx-label-all-loops]
        for (int k = 0; k < res_T::size; k++) {
        ^~~
        VITIS_LOOP_164_1: 
/home/student/Documents/PROYECTO_FINAL/lab05/hlsPrj/myproject_prj/solution1/.autopilot/db/myproject.pp.0.cpp:57299:9: note: FIX-IT applied suggested code changes
/home/student/Documents/PROYECTO_FINAL/lab05/hlsPrj/myproject_prj/solution1/.autopilot/db/myproject.pp.0.cpp:57322:2: warning: Added loop label VITIS_LOOP_187_1:   [xilinx-label-all-loops]
 for (int i = 0; i < CONFIG_T::height * CONFIG_T::width / data_T::size; i++) {
 ^~~
 VITIS_LOOP_187_1: 
/home/student/Documents/PROYECTO_FINAL/lab05/hlsPrj/myproject_prj/solution1/.autopilot/db/myproject.pp.0.cpp:57322:2: note: FIX-IT applied suggested code changes
/home/student/Documents/PROYECTO_FINAL/lab05/hlsPrj/myproject_prj/solution1/.autopilot/db/myproject.pp.0.cpp:57325:9: warning: Added loop label VITIS_LOOP_190_2:   [xilinx-label-all-loops]
        for (int j = 0; j < data_T::size; j++) {
        ^~~
        VITIS_LOOP_190_2: 
/home/student/Documents/PROYECTO_FINAL/lab05/hlsPrj/myproject_prj/solution1/.autopilot/db/myproject.pp.0.cpp:57325:9: note: FIX-IT applied suggested code changes
/home/student/Documents/PROYECTO_FINAL/lab05/hlsPrj/myproject_prj/solution1/.autopilot/db/myproject.pp.0.cpp:57330:5: warning: Added loop label VITIS_LOOP_195_3:   [xilinx-label-all-loops]
    for (int i = 0; i < CONFIG_T::height * CONFIG_T::width / res_T::size; i++) {
    ^~~
    VITIS_LOOP_195_3: 
/home/student/Documents/PROYECTO_FINAL/lab05/hlsPrj/myproject_prj/solution1/.autopilot/db/myproject.pp.0.cpp:57330:5: note: FIX-IT applied suggested code changes
/home/student/Documents/PROYECTO_FINAL/lab05/hlsPrj/myproject_prj/solution1/.autopilot/db/myproject.pp.0.cpp:57334:9: warning: Added loop label VITIS_LOOP_199_4:   [xilinx-label-all-loops]
        for (int j = 0; j < res_T::size; j++) {
        ^~~
        VITIS_LOOP_199_4: 
/home/student/Documents/PROYECTO_FINAL/lab05/hlsPrj/myproject_prj/solution1/.autopilot/db/myproject.pp.0.cpp:57334:9: note: FIX-IT applied suggested code changes
/home/student/Documents/PROYECTO_FINAL/lab05/hlsPrj/myproject_prj/solution1/.autopilot/db/myproject.pp.0.cpp:57548:9: warning: Added loop label VITIS_LOOP_213_1:   [xilinx-label-all-loops]
        for (unsigned j = 0; j < data_T::size; j++) {
        ^~~
        VITIS_LOOP_213_1: 
/home/student/Documents/PROYECTO_FINAL/lab05/hlsPrj/myproject_prj/solution1/.autopilot/db/myproject.pp.0.cpp:57548:9: note: FIX-IT applied suggested code changes
/home/student/Documents/PROYECTO_FINAL/lab05/hlsPrj/myproject_prj/solution1/.autopilot/db/myproject.pp.0.cpp:57557:9: warning: Added loop label VITIS_LOOP_222_2:   [xilinx-label-all-loops]
        for (unsigned j = 0; j < data_T::size; j++) {
        ^~~
        VITIS_LOOP_222_2: 
/home/student/Documents/PROYECTO_FINAL/lab05/hlsPrj/myproject_prj/solution1/.autopilot/db/myproject.pp.0.cpp:57557:9: note: FIX-IT applied suggested code changes
/home/student/Documents/PROYECTO_FINAL/lab05/hlsPrj/myproject_prj/solution1/.autopilot/db/myproject.pp.0.cpp:57663:5: warning: Added loop label VITIS_LOOP_328_1:   [xilinx-label-all-loops]
    for (int i = 0; i < CONFIG_T::n_in / res_T::size; i++) {
    ^~~
    VITIS_LOOP_328_1: 
/home/student/Documents/PROYECTO_FINAL/lab05/hlsPrj/myproject_prj/solution1/.autopilot/db/myproject.pp.0.cpp:57663:5: note: FIX-IT applied suggested code changes
/home/student/Documents/PROYECTO_FINAL/lab05/hlsPrj/myproject_prj/solution1/.autopilot/db/myproject.pp.0.cpp:57668:9: warning: Added loop label VITIS_LOOP_333_2:   [xilinx-label-all-loops]
        for (int i = 0; i < res_T::size; i++) {
        ^~~
        VITIS_LOOP_333_2: 
/home/student/Documents/PROYECTO_FINAL/lab05/hlsPrj/myproject_prj/solution1/.autopilot/db/myproject.pp.0.cpp:57668:9: note: FIX-IT applied suggested code changes
/home/student/Documents/PROYECTO_FINAL/lab05/hlsPrj/myproject_prj/solution1/.autopilot/db/myproject.pp.0.cpp:57676:9: warning: Added loop label VITIS_LOOP_341_3:   [xilinx-label-all-loops]
        for (int i = 1; i < res_T::size; i++) {
        ^~~
        VITIS_LOOP_341_3: 
/home/student/Documents/PROYECTO_FINAL/lab05/hlsPrj/myproject_prj/solution1/.autopilot/db/myproject.pp.0.cpp:57676:9: note: FIX-IT applied suggested code changes
/home/student/Documents/PROYECTO_FINAL/lab05/hlsPrj/myproject_prj/solution1/.autopilot/db/myproject.pp.0.cpp:58616:5: warning: Added loop label VITIS_LOOP_14_1:   [xilinx-label-all-loops]
    for (unsigned k = 0; k < CONFIG_T::n_out; k++) {
    ^~~
    VITIS_LOOP_14_1: 
/home/student/Documents/PROYECTO_FINAL/lab05/hlsPrj/myproject_prj/solution1/.autopilot/db/myproject.pp.0.cpp:58616:5: note: FIX-IT applied suggested code changes
/home/student/Documents/PROYECTO_FINAL/lab05/hlsPrj/myproject_prj/solution1/.autopilot/db/myproject.pp.0.cpp:58676:9: warning: Added loop label VITIS_LOOP_74_1:   [xilinx-label-all-loops]
        for (int im = 0; im < CONFIG_T::n_out; im++) {
        ^~~
        VITIS_LOOP_74_1: 
/home/student/Documents/PROYECTO_FINAL/lab05/hlsPrj/myproject_prj/solution1/.autopilot/db/myproject.pp.0.cpp:58676:9: note: FIX-IT applied suggested code changes
