
****** Vitis HLS - High-Level Synthesis from C, C++ and OpenCL v2022.2 (64-bit)
  **** SW Build 3670227 on Oct 13 2022
  **** IP Build 3669848 on Fri Oct 14 08:30:02 MDT 2022
    ** Copyright 1986-2022 Xilinx, Inc. All Rights Reserved.

source /tools/Xilinx/Vitis_HLS/2022.2/scripts/vitis_hls/hls.tcl -notrace
INFO: [HLS 200-10] Running '/tools/Xilinx/Vitis_HLS/2022.2/bin/unwrapped/lnx64.o/vitis_hls'
INFO: [HLS 200-10] For user 'student' on host 'workspace' (Linux_x86_64 version 6.8.0-57-generic) on Fri Apr 11 16:23:57 CEST 2025
INFO: [HLS 200-10] On os Ubuntu 22.04.5 LTS
INFO: [HLS 200-10] In directory '/home/student/Documents/PROYECTO_FINAL/lab05/hlsPrj'
Sourcing Tcl script 'build_prj.tcl'
INFO: [HLS 200-1510] Running: open_project myproject_prj 
INFO: [HLS 200-10] Opening project '/home/student/Documents/PROYECTO_FINAL/lab05/hlsPrj/myproject_prj'.
INFO: [HLS 200-1510] Running: set_top myproject 
INFO: [HLS 200-1510] Running: add_files firmware/myproject.cpp -cflags -std=c++0x 
INFO: [HLS 200-10] Adding design file 'firmware/myproject.cpp' to the project
INFO: [HLS 200-1510] Running: add_files -tb myproject_test.cpp -cflags -std=c++0x 
INFO: [HLS 200-10] Adding test bench file 'myproject_test.cpp' to the project
INFO: [HLS 200-1510] Running: add_files -tb firmware/weights 
INFO: [HLS 200-10] Adding test bench file 'firmware/weights' to the project
INFO: [HLS 200-1510] Running: add_files -tb tb_data 
INFO: [HLS 200-10] Adding test bench file 'tb_data' to the project
INFO: [HLS 200-1510] Running: open_solution solution1 
INFO: [HLS 200-10] Opening solution '/home/student/Documents/PROYECTO_FINAL/lab05/hlsPrj/myproject_prj/solution1'.
INFO: [SYN 201-201] Setting up clock 'default' with a period of 5ns.
INFO: [SYN 201-201] Setting up clock 'default' with an uncertainty of 0.625ns.
INFO: [HLS 200-1611] Setting target device to 'xc7z020-clg484-1'
INFO: [HLS 200-1505] Using flow_target 'vivado'
Resolution: For help on HLS 200-1505 see www.xilinx.com/cgi-bin/docs/rdoc?v=2022.2;t=hls+guidance;d=200-1505.html
INFO: [HLS 200-1464] Running solution command: config_schedule -enable_dsp_full_reg=0
INFO: [HLS 200-1464] Running solution command: config_export -display_name=inference
INFO: [HLS 200-1464] Running solution command: config_export -format=ip_catalog
INFO: [HLS 200-1464] Running solution command: config_export -rtl=verilog
INFO: [HLS 200-1464] Running solution command: config_compile -complex-mul-dsp=0
INFO: [HLS 200-1464] Running solution command: config_compile -name_max_length=80
INFO: [XFORM 203-1161] The maximum of name length is set to 80.
INFO: [HLS 200-1510] Running: config_array_partition -maximum_size 4096 
INFO: [XFORM 203-101] Allowed max sub elements number after partition is 4096.
ERROR: [HLS 200-642] The 'config_array_partition -maximum_size' command is not supported.
INFO: [HLS 200-1510] Running: config_compile -name_max_length 80 
INFO: [XFORM 203-1161] The maximum of name length is set to 80.
INFO: [HLS 200-1510] Running: set_part xc7z020clg484-1 
INFO: [XFORM 203-1161] The maximum of name length is set to 80.
INFO: [HLS 200-1510] Running: config_schedule -enable_dsp_full_reg=false 
INFO: [HLS 200-1510] Running: create_clock -period 5 -name default 
INFO: [HLS 200-1510] Running: set_clock_uncertainty 12.5% default 
***** C/RTL SYNTHESIS *****
INFO: [HLS 200-1510] Running: csynth_design 
Running Dispatch Server on port: 41769
INFO: [HLS 200-111] Finished File checks and directory preparation: CPU user time: 0.01 seconds. CPU system time: 0.01 seconds. Elapsed time: 10.05 seconds; current allocated memory: 211.480 MB.
INFO: [HLS 200-10] Analyzing design file 'firmware/myproject.cpp' ... 
WARNING: [HLS 214-113] Either use an argument of the function or declare the variable inside the dataflow loop body (firmware/myproject.cpp:38:66)
Resolution: For help on HLS 214-113 see www.xilinx.com/cgi-bin/docs/rdoc?v=2022.2;t=hls+guidance;d=214-113.html
WARNING: [HLS 214-113] Either use an argument of the function or declare the variable inside the dataflow loop body (firmware/myproject.cpp:38:70)
Resolution: For help on HLS 214-113 see www.xilinx.com/cgi-bin/docs/rdoc?v=2022.2;t=hls+guidance;d=214-113.html
WARNING: [HLS 214-113] Either use an argument of the function or declare the variable inside the dataflow loop body (firmware/myproject.cpp:46:67)
Resolution: For help on HLS 214-113 see www.xilinx.com/cgi-bin/docs/rdoc?v=2022.2;t=hls+guidance;d=214-113.html
WARNING: [HLS 214-113] Either use an argument of the function or declare the variable inside the dataflow loop body (firmware/myproject.cpp:46:71)
Resolution: For help on HLS 214-113 see www.xilinx.com/cgi-bin/docs/rdoc?v=2022.2;t=hls+guidance;d=214-113.html
WARNING: [HLS 214-113] Either use an argument of the function or declare the variable inside the dataflow loop body (firmware/myproject.cpp:54:67)
Resolution: For help on HLS 214-113 see www.xilinx.com/cgi-bin/docs/rdoc?v=2022.2;t=hls+guidance;d=214-113.html
WARNING: [HLS 214-113] Either use an argument of the function or declare the variable inside the dataflow loop body (firmware/myproject.cpp:54:71)
Resolution: For help on HLS 214-113 see www.xilinx.com/cgi-bin/docs/rdoc?v=2022.2;t=hls+guidance;d=214-113.html
WARNING: [HLS 200-471] Dataflow form checks found 6 issue(s) in file firmware/myproject.cpp
Resolution: For help on HLS 200-471 see www.xilinx.com/cgi-bin/docs/rdoc?v=2022.2;t=hls+guidance;d=200-471.html
WARNING: [HLS 207-5292] unused parameter 'keep' (firmware/nnet_utils/nnet_helpers.h:285:99)
WARNING: [HLS 207-5292] unused parameter 'data' (firmware/nnet_utils/nnet_code_gen.h:11:36)
WARNING: [HLS 207-5292] unused parameter 'buffer' (firmware/nnet_utils/nnet_code_gen.h:12:36)
WARNING: [HLS 207-5292] unused parameter 'partition' (firmware/nnet_utils/nnet_code_gen.h:13:44)
WARNING: [HLS 207-5292] unused parameter 'data' (firmware/nnet_utils/nnet_code_gen.h:21:24)
WARNING: [HLS 207-5292] unused parameter 'buffer' (firmware/nnet_utils/nnet_code_gen.h:22:24)
WARNING: [HLS 207-5292] unused parameter 'partition' (firmware/nnet_utils/nnet_code_gen.h:23:32)
INFO: [HLS 200-111] Finished Source Code Analysis and Preprocessing: CPU user time: 33.91 seconds. CPU system time: 3.13 seconds. Elapsed time: 37.74 seconds; current allocated memory: 215.145 MB.
INFO: [HLS 200-777] Using interface defaults for 'Vivado' flow target.
