Fri Apr 11 03:27:14 2025: Running xcd server. This server was built by gradle.
Fri Apr 11 03:27:14 2025: Server was asked to start on port: '43897'
Fri Apr 11 03:27:14 2025: Server is using token UUID: 'dea6af36-9be1-4997-b662-0309b1522770'
Fri Apr 11 03:27:14 2025: SESSION_MGR: creating session with session uuid: '6d04a3e9-ade5-4ab9-8d63-1f78fcd2ec76' and name 'default'
Fri Apr 11 03:27:14 2025: Attempting to start server on port '43897'
Fri Apr 11 03:27:14 2025: XCD main fifo: created main fifo '/tmp/xcdmaindea6af36-9be1-4997-b662-0309b1522770', fd read = 13
Fri Apr 11 03:27:14 2025: Running Dispatch Server
Fri Apr 11 03:27:14 2025: Version 2.2.0
Fri Apr 11 03:27:23 2025: Dispatch Server: Accepted socket connection from client
Fri Apr 11 03:27:23 2025: Starting Socket connection
Fri Apr 11 03:27:23 2025: EXCHANGE_TOKEN received, server token: dea6af36-9be1-4997-b662-0309b1522770, passed token: dea6af36-9be1-4997-b662-0309b1522770
Fri Apr 11 03:27:23 2025: SESSION_MGR: creating session with session uuid: '5ecc8e7e-102e-4605-b709-c4bdaf8ac3c9' and name 'vitis_hls'
Fri Apr 11 03:27:23 2025: KERNEL_SVC: creating session with uuid: '5ecc8e7e-102e-4605-b709-c4bdaf8ac3c9' and name 'vitis_hls'
Fri Apr 11 03:27:23 2025: GUIDANCE_SMGR: creating guidance session with uuid: '5ecc8e7e-102e-4605-b709-c4bdaf8ac3c9' and name 'vitis_hls'
Fri Apr 11 03:53:41 2025: STOP_SERVER received, server token: dea6af36-9be1-4997-b662-0309b1522770, passed token: dea6af36-9be1-4997-b662-0309b1522770
Fri Apr 11 03:53:41 2025: Socket received request to stop server.
Fri Apr 11 03:53:41 2025: Dispatch Server: do_await_stop
Fri Apr 11 03:53:41 2025: Dispatch Server: stopping mainFifo_
Fri Apr 11 03:53:41 2025: XCD main fifo: Stopping
Fri Apr 11 03:53:41 2025: XCD main fifo: do_read error code: Operation canceled
Fri Apr 11 03:53:41 2025: XCD main fifo: bytes_transferred: 0
Fri Apr 11 03:53:41 2025: SERVER: destructor for server bound to port 43897
Fri Apr 11 03:53:41 2025: XCD main fifo: Good unlink of /tmp/xcdmaindea6af36-9be1-4997-b662-0309b1522770
Fri Apr 11 03:53:41 2025: Server exiting with status 0.
Fri Apr 11 03:53:41 2025: Closing log file.
Fri Apr 11 03:56:22 2025: Running xcd server. This server was built by gradle.
Fri Apr 11 03:56:22 2025: Server was asked to start on port: '46779'
Fri Apr 11 03:56:22 2025: Server is using token UUID: 'a8e00fd8-a6cd-49b5-9ef6-57678f94362c'
Fri Apr 11 03:56:22 2025: SESSION_MGR: creating session with session uuid: '6d04a3e9-ade5-4ab9-8d63-1f78fcd2ec76' and name 'default'
Fri Apr 11 03:56:22 2025: Attempting to start server on port '46779'
Fri Apr 11 03:56:22 2025: XCD main fifo: created main fifo '/tmp/xcdmaina8e00fd8-a6cd-49b5-9ef6-57678f94362c', fd read = 13
Fri Apr 11 03:56:22 2025: Running Dispatch Server
Fri Apr 11 03:56:22 2025: Version 2.2.0
Fri Apr 11 03:56:30 2025: Dispatch Server: Accepted socket connection from client
Fri Apr 11 03:56:30 2025: Starting Socket connection
Fri Apr 11 03:56:30 2025: EXCHANGE_TOKEN received, server token: a8e00fd8-a6cd-49b5-9ef6-57678f94362c, passed token: a8e00fd8-a6cd-49b5-9ef6-57678f94362c
Fri Apr 11 03:56:30 2025: SESSION_MGR: creating session with session uuid: 'a833285d-c793-4694-baaf-5982b3c05246' and name 'vitis_hls'
Fri Apr 11 03:56:30 2025: KERNEL_SVC: creating session with uuid: 'a833285d-c793-4694-baaf-5982b3c05246' and name 'vitis_hls'
Fri Apr 11 03:56:30 2025: GUIDANCE_SMGR: creating guidance session with uuid: 'a833285d-c793-4694-baaf-5982b3c05246' and name 'vitis_hls'
Fri Apr 11 03:57:09 2025: STOP_SERVER received, server token: a8e00fd8-a6cd-49b5-9ef6-57678f94362c, passed token: a8e00fd8-a6cd-49b5-9ef6-57678f94362c
Fri Apr 11 03:57:09 2025: Socket received request to stop server.
Fri Apr 11 03:57:09 2025: Dispatch Server: do_await_stop
Fri Apr 11 03:57:09 2025: Dispatch Server: stopping mainFifo_
Fri Apr 11 03:57:09 2025: XCD main fifo: Stopping
Fri Apr 11 03:57:09 2025: XCD main fifo: do_read error code: Operation canceled
Fri Apr 11 03:57:09 2025: XCD main fifo: bytes_transferred: 0
Fri Apr 11 03:57:09 2025: SERVER: destructor for server bound to port 46779
Fri Apr 11 03:57:09 2025: XCD main fifo: Good unlink of /tmp/xcdmaina8e00fd8-a6cd-49b5-9ef6-57678f94362c
Fri Apr 11 03:57:09 2025: Server exiting with status 0.
Fri Apr 11 03:57:09 2025: Closing log file.
Fri Apr 11 16:16:50 2025: Running xcd server. This server was built by gradle.
Fri Apr 11 16:16:50 2025: Server was asked to start on port: '43979'
Fri Apr 11 16:16:50 2025: Server is using token UUID: 'e2cd93df-3771-4f23-9808-882c0f8a021e'
Fri Apr 11 16:16:50 2025: SESSION_MGR: creating session with session uuid: '6d04a3e9-ade5-4ab9-8d63-1f78fcd2ec76' and name 'default'
Fri Apr 11 16:16:50 2025: Attempting to start server on port '43979'
Fri Apr 11 16:16:50 2025: XCD main fifo: created main fifo '/tmp/xcdmaine2cd93df-3771-4f23-9808-882c0f8a021e', fd read = 13
Fri Apr 11 16:16:50 2025: Running Dispatch Server
Fri Apr 11 16:16:50 2025: Version 2.2.0
Fri Apr 11 16:16:58 2025: Dispatch Server: Accepted socket connection from client
Fri Apr 11 16:16:58 2025: Starting Socket connection
Fri Apr 11 16:16:58 2025: EXCHANGE_TOKEN received, server token: e2cd93df-3771-4f23-9808-882c0f8a021e, passed token: e2cd93df-3771-4f23-9808-882c0f8a021e
Fri Apr 11 16:16:58 2025: SESSION_MGR: creating session with session uuid: '5ad78a3f-5994-455a-a530-7dd75e207c41' and name 'vitis_hls'
Fri Apr 11 16:16:58 2025: KERNEL_SVC: creating session with uuid: '5ad78a3f-5994-455a-a530-7dd75e207c41' and name 'vitis_hls'
Fri Apr 11 16:16:58 2025: GUIDANCE_SMGR: creating guidance session with uuid: '5ad78a3f-5994-455a-a530-7dd75e207c41' and name 'vitis_hls'
Fri Apr 11 16:24:01 2025: Running xcd server. This server was built by gradle.
Fri Apr 11 16:24:01 2025: Server was asked to start on port: '41769'
Fri Apr 11 16:24:01 2025: Server is using token UUID: '3b70a761-bf3c-439e-9f96-4f76132fcaf4'
Fri Apr 11 16:24:01 2025: SESSION_MGR: creating session with session uuid: '6d04a3e9-ade5-4ab9-8d63-1f78fcd2ec76' and name 'default'
Fri Apr 11 16:24:01 2025: Attempting to start server on port '41769'
Fri Apr 11 16:24:01 2025: XCD main fifo: created main fifo '/tmp/xcdmain3b70a761-bf3c-439e-9f96-4f76132fcaf4', fd read = 13
Fri Apr 11 16:24:01 2025: Running Dispatch Server
Fri Apr 11 16:24:01 2025: Version 2.2.0
Fri Apr 11 16:24:09 2025: Dispatch Server: Accepted socket connection from client
Fri Apr 11 16:24:09 2025: Starting Socket connection
Fri Apr 11 16:24:09 2025: EXCHANGE_TOKEN received, server token: 3b70a761-bf3c-439e-9f96-4f76132fcaf4, passed token: 3b70a761-bf3c-439e-9f96-4f76132fcaf4
Fri Apr 11 16:24:09 2025: SESSION_MGR: creating session with session uuid: '59dfee20-7443-4383-abc1-e23e45bc38c8' and name 'vitis_hls'
Fri Apr 11 16:24:09 2025: KERNEL_SVC: creating session with uuid: '59dfee20-7443-4383-abc1-e23e45bc38c8' and name 'vitis_hls'
Fri Apr 11 16:24:09 2025: GUIDANCE_SMGR: creating guidance session with uuid: '59dfee20-7443-4383-abc1-e23e45bc38c8' and name 'vitis_hls'
Fri Apr 11 17:58:59 2025: Dispatch Server: do_await_stop
Fri Apr 11 17:58:59 2025: Dispatch Server: stopping mainFifo_
Fri Apr 11 17:58:59 2025: XCD main fifo: Stopping
Fri Apr 11 17:58:59 2025: XCD main fifo: do_read error code: Operation canceled
Fri Apr 11 17:58:59 2025: XCD main fifo: bytes_transferred: 0
Fri Apr 11 17:58:59 2025: SERVER: destructor for server bound to port 41769
Fri Apr 11 17:58:59 2025: XCD main fifo: Good unlink of /tmp/xcdmain3b70a761-bf3c-439e-9f96-4f76132fcaf4
Fri Apr 11 17:58:59 2025: Server exiting with status 0.
Fri Apr 11 17:58:59 2025: Closing log file.
