14:33:18 DEBUG : Logs will be stored at '/home/student/Documents/laburar_aca/labs/lab08/IDE.log'.
14:33:21 INFO  : Launching XSCT server: xsct -n  -interactive /home/student/Documents/laburar_aca/labs/lab08/temp_xsdb_launch_script.tcl
14:33:22 INFO  : Registering command handlers for Vitis TCF services
14:33:22 INFO  : Platform repository initialization has completed.
14:33:26 INFO  : XSCT server has started successfully.
14:33:26 INFO  : plnx-install-location is set to ''
14:33:26 INFO  : Successfully done setting XSCT server connection channel  
14:33:26 INFO  : Successfully done setting workspace for the tool. 
14:33:26 INFO  : Successfully done query RDI_DATADIR 
14:37:34 INFO  : Result from executing command 'getProjects': MLZedboard_wrapper
14:37:34 INFO  : Result from executing command 'getPlatforms': xilinx_zcu102_base_202220_1|/tools/Xilinx/Vitis/2022.2/base_platforms/xilinx_zcu102_base_202220_1/xilinx_zcu102_base_202220_1.xpfm;xilinx_zcu102_base_dfx_202220_1|/tools/Xilinx/Vitis/2022.2/base_platforms/xilinx_zcu102_base_dfx_202220_1/xilinx_zcu102_base_dfx_202220_1.xpfm;xilinx_zcu104_base_202220_1|/tools/Xilinx/Vitis/2022.2/base_platforms/xilinx_zcu104_base_202220_1/xilinx_zcu104_base_202220_1.xpfm
14:37:34 WARN  : An unexpected exception occurred in the module 'platform project logging'
14:37:35 INFO  : Platform 'MLZedboard_wrapper' is added to custom repositories.
14:37:58 INFO  : Platform 'MLZedboard_wrapper' is added to custom repositories.
14:59:49 INFO  : Connected to target on host '127.0.0.1' and port '3121'.
14:59:49 INFO  : Jtag cable 'Digilent Zed 210248684938' is selected.
14:59:49 INFO  : 'jtag frequency' command is executed.
14:59:49 INFO  : Context for 'APU' is selected.
14:59:49 INFO  : System reset is completed.
14:59:52 INFO  : 'after 3000' command is executed.
14:59:53 INFO  : 'targets -set -filter {jtag_cable_name =~ "Digilent Zed 210248684938" && level==0 && jtag_device_ctx=="jsn-Zed-210248684938-23727093-0"}' command is executed.
14:59:55 INFO  : Device configured successfully with "/home/student/Documents/laburar_aca/labs/lab08/app_inference/_ide/bitstream/MLZedboard_wrapper.bit"
14:59:55 INFO  : Context for 'APU' is selected.
14:59:56 INFO  : Hardware design and registers information is loaded from '/home/student/Documents/laburar_aca/labs/lab08/MLZedboard_wrapper/export/MLZedboard_wrapper/hw/MLZedboard_wrapper.xsa'.
14:59:56 INFO  : 'configparams force-mem-access 1' command is executed.
14:59:56 INFO  : Context for 'APU' is selected.
14:59:56 INFO  : Sourcing of '/home/student/Documents/laburar_aca/labs/lab08/app_inference/_ide/psinit/ps7_init.tcl' is done.
14:59:57 INFO  : 'ps7_init' command is executed.
14:59:57 INFO  : 'ps7_post_config' command is executed.
14:59:57 INFO  : 'configparams force-mem-access 0' command is executed.
14:59:57 INFO  : ----------------XSDB Script----------------
connect -url tcp:127.0.0.1:3121
targets -set -nocase -filter {name =~"APU*"}
rst -system
after 3000
targets -set -filter {jtag_cable_name =~ "Digilent Zed 210248684938" && level==0 && jtag_device_ctx=="jsn-Zed-210248684938-23727093-0"}
fpga -file /home/student/Documents/laburar_aca/labs/lab08/app_inference/_ide/bitstream/MLZedboard_wrapper.bit
targets -set -nocase -filter {name =~"APU*"}
loadhw -hw /home/student/Documents/laburar_aca/labs/lab08/MLZedboard_wrapper/export/MLZedboard_wrapper/hw/MLZedboard_wrapper.xsa -mem-ranges [list {0x40000000 0xbfffffff}] -regs
configparams force-mem-access 1
targets -set -nocase -filter {name =~"APU*"}
source /home/student/Documents/laburar_aca/labs/lab08/app_inference/_ide/psinit/ps7_init.tcl
ps7_init
ps7_post_config
configparams force-mem-access 0
----------------End of Script----------------

14:59:57 INFO  : Launch script is exported to file '/home/student/Documents/laburar_aca/labs/lab08/app_inference_system/_ide/scripts/debugger_app_inference-default.tcl'
15:01:51 INFO  : Connected to target on host '127.0.0.1' and port '3121'.
15:02:09 INFO  : ----------------XSDB Script----------------
connect -url tcp:127.0.0.1:3121
----------------End of Script----------------

15:02:09 ERROR : Could not find ARM device on the board for connection 'Local'.
Check if the target is in:
1. Split JTAG - No operations are possible with ARM DAP.
2. Non JTAG bootmode - Bootrom may need time to enable DAP.
Please try again.


Troubleshooting hints:
1. Check whether board is connected to system properly.
2. In case of zynq board, check whether Digilent/Xilinx cable switch settings are correct.
3. If you are using Xilinx Platform Cable USB, ensure that status LED is green.
15:03:14 INFO  : Connected to target on host '127.0.0.1' and port '3121'.
15:03:32 INFO  : ----------------XSDB Script----------------
connect -url tcp:127.0.0.1:3121
----------------End of Script----------------

15:03:32 ERROR : Could not find ARM device on the board for connection 'Local'.
Check if the target is in:
1. Split JTAG - No operations are possible with ARM DAP.
2. Non JTAG bootmode - Bootrom may need time to enable DAP.
Please try again.


Troubleshooting hints:
1. Check whether board is connected to system properly.
2. In case of zynq board, check whether Digilent/Xilinx cable switch settings are correct.
3. If you are using Xilinx Platform Cable USB, ensure that status LED is green.
15:07:20 INFO  : Connected to target on host '127.0.0.1' and port '3121'.
15:07:39 INFO  : ----------------XSDB Script----------------
connect -url tcp:127.0.0.1:3121
----------------End of Script----------------

15:07:39 ERROR : Could not find ARM device on the board for connection 'Local'.
Check if the target is in:
1. Split JTAG - No operations are possible with ARM DAP.
2. Non JTAG bootmode - Bootrom may need time to enable DAP.
Please try again.


Troubleshooting hints:
1. Check whether board is connected to system properly.
2. In case of zynq board, check whether Digilent/Xilinx cable switch settings are correct.
3. If you are using Xilinx Platform Cable USB, ensure that status LED is green.
15:08:48 INFO  : Disconnected from the channel tcfchan#1.
15:09:31 DEBUG : Logs will be stored at '/home/student/Documents/laburar_aca/labs/lab08/IDE.log'.
15:09:32 INFO  : Launching XSCT server: xsct -n  -interactive /home/student/Documents/laburar_aca/labs/lab08/temp_xsdb_launch_script.tcl
15:09:35 INFO  : Platform repository initialization has completed.
15:09:36 INFO  : XSCT server has started successfully.
15:09:36 INFO  : plnx-install-location is set to ''
15:09:36 INFO  : Successfully done setting XSCT server connection channel  
15:09:36 INFO  : Successfully done setting workspace for the tool. 
15:09:37 INFO  : Successfully done query RDI_DATADIR 
15:09:38 INFO  : Registering command handlers for Vitis TCF services
15:10:46 INFO  : Connected to target on host '127.0.0.1' and port '3121'.
15:11:04 INFO  : ----------------XSDB Script----------------
connect -url tcp:127.0.0.1:3121
----------------End of Script----------------

15:11:04 ERROR : Could not find ARM device on the board for connection 'Local'.
Check if the target is in:
1. Split JTAG - No operations are possible with ARM DAP.
2. Non JTAG bootmode - Bootrom may need time to enable DAP.
Please try again.


Troubleshooting hints:
1. Check whether board is connected to system properly.
2. In case of zynq board, check whether Digilent/Xilinx cable switch settings are correct.
3. If you are using Xilinx Platform Cable USB, ensure that status LED is green.
15:13:35 INFO  : Connected to target on host '127.0.0.1' and port '3121'.
15:13:53 INFO  : ----------------XSDB Script----------------
connect -url tcp:127.0.0.1:3121
----------------End of Script----------------

15:13:53 ERROR : Could not find ARM device on the board for connection 'Local'.
Check if the target is in:
1. Split JTAG - No operations are possible with ARM DAP.
2. Non JTAG bootmode - Bootrom may need time to enable DAP.
Please try again.


Troubleshooting hints:
1. Check whether board is connected to system properly.
2. In case of zynq board, check whether Digilent/Xilinx cable switch settings are correct.
3. If you are using Xilinx Platform Cable USB, ensure that status LED is green.
15:17:42 INFO  : Connected to target on host '127.0.0.1' and port '3121'.
15:17:43 INFO  : Jtag cable 'Digilent Zed 210248684938' is selected.
15:17:43 INFO  : 'jtag frequency' command is executed.
15:17:43 INFO  : Context for 'APU' is selected.
15:17:43 INFO  : System reset is completed.
15:17:46 INFO  : 'after 3000' command is executed.
15:17:46 INFO  : 'targets -set -filter {jtag_cable_name =~ "Digilent Zed 210248684938" && level==0 && jtag_device_ctx=="jsn-Zed-210248684938-23727093-0"}' command is executed.
15:17:48 INFO  : Device configured successfully with "/home/student/Documents/laburar_aca/labs/lab08/app_inference/_ide/bitstream/MLZedboard_wrapper.bit"
15:17:48 INFO  : Context for 'APU' is selected.
15:17:48 INFO  : Hardware design and registers information is loaded from '/home/student/Documents/laburar_aca/labs/lab08/MLZedboard_wrapper/export/MLZedboard_wrapper/hw/MLZedboard_wrapper.xsa'.
15:17:48 INFO  : 'configparams force-mem-access 1' command is executed.
15:17:48 INFO  : Context for 'APU' is selected.
15:17:48 INFO  : Sourcing of '/home/student/Documents/laburar_aca/labs/lab08/app_inference/_ide/psinit/ps7_init.tcl' is done.
15:17:49 INFO  : 'ps7_init' command is executed.
15:17:49 INFO  : 'ps7_post_config' command is executed.
15:17:49 INFO  : 'configparams force-mem-access 0' command is executed.
15:17:49 INFO  : ----------------XSDB Script----------------
connect -url tcp:127.0.0.1:3121
targets -set -nocase -filter {name =~"APU*"}
rst -system
after 3000
targets -set -filter {jtag_cable_name =~ "Digilent Zed 210248684938" && level==0 && jtag_device_ctx=="jsn-Zed-210248684938-23727093-0"}
fpga -file /home/student/Documents/laburar_aca/labs/lab08/app_inference/_ide/bitstream/MLZedboard_wrapper.bit
targets -set -nocase -filter {name =~"APU*"}
loadhw -hw /home/student/Documents/laburar_aca/labs/lab08/MLZedboard_wrapper/export/MLZedboard_wrapper/hw/MLZedboard_wrapper.xsa -mem-ranges [list {0x40000000 0xbfffffff}] -regs
configparams force-mem-access 1
targets -set -nocase -filter {name =~"APU*"}
source /home/student/Documents/laburar_aca/labs/lab08/app_inference/_ide/psinit/ps7_init.tcl
ps7_init
ps7_post_config
configparams force-mem-access 0
----------------End of Script----------------

15:17:49 INFO  : Disconnected from the channel tcfchan#1.
